<?xml version="1.0" encoding="UTF-8"?>
<!-- Generated by org.testng.reporters.JUnitReportReporter -->
<testsuite skipped="0" hostname="Dileks-MBP.home" name="com.hubspot.tests.LoginPFTest" tests="1" failures="0" timestamp="17 Mar 2020 06:41:29 GMT" time="8.231" errors="0">
  <testcase name="loginTest" time="8.231" classname="com.hubspot.tests.LoginPFTest"/>
</testsuite> <!-- com.hubspot.tests.LoginPFTest -->
