<?xml version="1.0" encoding="UTF-8"?>
<!-- Generated by org.testng.reporters.JUnitReportReporter -->
<testsuite skipped="0" hostname="Dileks-MBP.home" name="com.hubspot.tests.LoginPageTest" tests="4" failures="0" timestamp="17 Mar 2020 04:44:06 GMT" time="26.885" errors="0">
  <testcase name="getTitle" time="7.418" classname="com.hubspot.tests.LoginPageTest"/>
  <testcase name="loginTest1" time="6.562" classname="com.hubspot.tests.LoginPageTest"/>
  <testcase name="loginTest2" time="6.222" classname="com.hubspot.tests.LoginPageTest"/>
  <testcase name="loginTest3" time="6.683" classname="com.hubspot.tests.LoginPageTest"/>
</testsuite> <!-- com.hubspot.tests.LoginPageTest -->
